[debug] [2022-11-19T03:16:24.540Z] ----------------------------------------------------------------------
[debug] [2022-11-19T03:16:24.541Z] Command:       /home/thermal-ice/.nvm/versions/node/v16.17.0/bin/node /home/thermal-ice/.nvm/versions/node/v16.17.0/bin/firebase serve
[debug] [2022-11-19T03:16:24.541Z] CLI Version:   11.16.1
[debug] [2022-11-19T03:16:24.542Z] Platform:      linux
[debug] [2022-11-19T03:16:24.542Z] Node Version:  v16.17.0
[debug] [2022-11-19T03:16:24.542Z] Time:          Sat Nov 19 2022 08:46:24 GMT+0530 (India Standard Time)
[debug] [2022-11-19T03:16:24.542Z] ----------------------------------------------------------------------
[debug] 
[debug] [2022-11-19T03:16:24.604Z] > command requires scopes: ["email","openid","https://www.googleapis.com/auth/cloudplatformprojects.readonly","https://www.googleapis.com/auth/firebase","https://www.googleapis.com/auth/cloud-platform"]
[debug] [2022-11-19T03:16:24.604Z] > authorizing via signed-in user (anubhav11697@gmail.com)
[debug] [2022-11-19T03:16:24.604Z] [iam] checking project metropolis-694d1 for permissions ["firebase.projects.get"]
[debug] [2022-11-19T03:16:24.605Z] >>> [apiv2][query] POST https://cloudresourcemanager.googleapis.com/v1/projects/metropolis-694d1:testIamPermissions [none]
[debug] [2022-11-19T03:16:24.606Z] >>> [apiv2][(partial)header] POST https://cloudresourcemanager.googleapis.com/v1/projects/metropolis-694d1:testIamPermissions x-goog-quota-user=projects/metropolis-694d1
[debug] [2022-11-19T03:16:24.606Z] >>> [apiv2][body] POST https://cloudresourcemanager.googleapis.com/v1/projects/metropolis-694d1:testIamPermissions {"permissions":["firebase.projects.get"]}
[debug] [2022-11-19T03:16:25.962Z] <<< [apiv2][status] POST https://cloudresourcemanager.googleapis.com/v1/projects/metropolis-694d1:testIamPermissions 200
[debug] [2022-11-19T03:16:25.962Z] <<< [apiv2][body] POST https://cloudresourcemanager.googleapis.com/v1/projects/metropolis-694d1:testIamPermissions {"permissions":["firebase.projects.get"]}
[debug] [2022-11-19T03:16:25.964Z] >>> [apiv2][query] GET https://firebase.googleapis.com/v1beta1/projects/metropolis-694d1 [none]
[debug] [2022-11-19T03:16:26.384Z] <<< [apiv2][status] GET https://firebase.googleapis.com/v1beta1/projects/metropolis-694d1 200
[debug] [2022-11-19T03:16:26.385Z] <<< [apiv2][body] GET https://firebase.googleapis.com/v1beta1/projects/metropolis-694d1 {"projectId":"metropolis-694d1","projectNumber":"673656902355","displayName":"Metropolis","name":"projects/metropolis-694d1","resources":{"hostingSite":"metropolis-694d1"},"state":"ACTIVE","etag":"1_412c678a-7599-4050-a0b1-eb5395fa7faa"}
[info] 
[info] === Serving from '/home/thermal-ice/Downloads/Web Development/DevSprint Hackathon/metropolis'...
[info] 
[debug] [2022-11-19T03:16:26.393Z] >>> [apiv2][query] GET https://firebasehosting.googleapis.com/v1beta1/projects/metropolis-694d1/sites 
[debug] [2022-11-19T03:16:27.642Z] <<< [apiv2][status] GET https://firebasehosting.googleapis.com/v1beta1/projects/metropolis-694d1/sites 200
[debug] [2022-11-19T03:16:27.643Z] <<< [apiv2][body] GET https://firebasehosting.googleapis.com/v1beta1/projects/metropolis-694d1/sites {"sites":[{"name":"projects/metropolis-694d1/sites/metropolis-694d1","defaultUrl":"https://metropolis-694d1.web.app","type":"DEFAULT_SITE"},{"name":"projects/metropolis-694d1/sites/metropolis-xp","defaultUrl":"https://metropolis-xp.web.app","appId":"1:673656902355:web:24268376eb2ff0ec6a7a26","type":"USER_SITE"}]}
[debug] [2022-11-19T03:16:27.643Z] >>> [apiv2][query] GET https://firebase.googleapis.com/v1beta1/projects/metropolis-694d1/webApps/-/config [none]
[debug] [2022-11-19T03:16:28.968Z] <<< [apiv2][status] GET https://firebase.googleapis.com/v1beta1/projects/metropolis-694d1/webApps/-/config 200
[debug] [2022-11-19T03:16:28.969Z] <<< [apiv2][body] GET https://firebase.googleapis.com/v1beta1/projects/metropolis-694d1/webApps/-/config {"projectId":"metropolis-694d1","appId":"1:673656902355:web:24268376eb2ff0ec6a7a26","storageBucket":"metropolis-694d1.appspot.com","apiKey":"AIzaSyD2Obh7zWUvDBVjI1brWEc8fXuuLwQWFbc","authDomain":"metropolis-694d1.firebaseapp.com","messagingSenderId":"673656902355","measurementId":"G-PPXXSB1QLR"}
[debug] [2022-11-19T03:16:28.977Z] >>> [apiv2][query] GET https://firebase.googleapis.com/v1beta1/projects/metropolis-694d1 [none]
[debug] [2022-11-19T03:16:29.448Z] <<< [apiv2][status] GET https://firebase.googleapis.com/v1beta1/projects/metropolis-694d1 200
[debug] [2022-11-19T03:16:29.448Z] <<< [apiv2][body] GET https://firebase.googleapis.com/v1beta1/projects/metropolis-694d1 {"projectId":"metropolis-694d1","projectNumber":"673656902355","displayName":"Metropolis","name":"projects/metropolis-694d1","resources":{"hostingSite":"metropolis-694d1"},"state":"ACTIVE","etag":"1_412c678a-7599-4050-a0b1-eb5395fa7faa"}
[info] i  hosting[metropolis-694d1]: Serving hosting files from: build {"metadata":{"emulator":{"name":"hosting"},"message":"Serving hosting files from: \u001b[1mbuild\u001b[22m"}}
[info] ✔  hosting[metropolis-694d1]: Local server: http://localhost:5000 {"metadata":{"emulator":{"name":"hosting"},"message":"Local server: \u001b[4m\u001b[1mhttp://localhost:5000\u001b[22m\u001b[24m"}}
